<?xml version="1.0" encoding="UTF-8"?>
<!-- Generated by org.testng.reporters.JUnitReportReporter -->
<testsuite hostname="DESKTOP-NRABHQU" failures="0" tests="9" name="packFull.NewSuite" time="0.031" errors="0" timestamp="2022-06-30T09:12:08 IST" skipped="0">
  <testcase classname="packFull.NewSuite" name="test5" time="0.002"/>
  <system-out/>
  <testcase classname="packFull.NewSuite" name="test2" time="0.003"/>
  <system-out/>
  <testcase classname="packFull.NewSuite" name="test4" time="0.003"/>
  <system-out/>
  <testcase classname="packFull.NewSuite" name="test6" time="0.003"/>
  <system-out/>
  <testcase classname="packFull.NewSuite" name="test8" time="0.002"/>
  <system-out/>
  <testcase classname="packFull.NewSuite" name="test7" time="0.004"/>
  <system-out/>
  <testcase classname="packFull.NewSuite" name="test9" time="0.002"/>
  <system-out/>
  <testcase classname="packFull.NewSuite" name="test1" time="0.011"/>
  <system-out/>
  <testcase classname="packFull.NewSuite" name="test3" time="0.001"/>
  <system-out/>
</testsuite> <!-- packFull.NewSuite -->
