<?xml version="1.0" encoding="UTF-8"?>
<!-- Generated by org.testng.reporters.JUnitReportReporter -->
<testsuite hostname="DESKTOP-NRABHQU" failures="0" tests="9" name="packFull.NewSuite2" time="0.051" errors="0" timestamp="2022-06-30T09:18:01 IST" skipped="0">
  <testcase classname="packFull.NewSuite2" name="test7" time="0.003"/>
  <system-out/>
  <testcase classname="packFull.NewSuite2" name="test3" time="0.010"/>
  <system-out/>
  <testcase classname="packFull.NewSuite2" name="test6" time="0.007"/>
  <system-out/>
  <testcase classname="packFull.NewSuite2" name="test9" time="0.003"/>
  <system-out/>
  <testcase classname="packFull.NewSuite2" name="test51" time="0.003"/>
  <system-out/>
  <testcase classname="packFull.NewSuite2" name="test8" time="0.006"/>
  <system-out/>
  <testcase classname="packFull.NewSuite2" name="test4" time="0.002"/>
  <system-out/>
  <testcase classname="packFull.NewSuite2" name="test5" time="0.008"/>
  <system-out/>
  <testcase classname="packFull.NewSuite2" name="test52" time="0.009"/>
  <system-out/>
</testsuite> <!-- packFull.NewSuite2 -->
